[Sat Jan 28 16:09:39 2012] [info] Server listening (http://*:3000)
[Sat Jan 28 16:09:49 2012] [debug] Your secret passphrase needs to be changed!!!
[Sat Jan 28 16:09:49 2012] [debug] GET / (Mozilla/5.0 (Windows NT 6.1; WOW64; rv:7.0.1) Gecko/20100101 Firefox/7.0.1).
[Sat Jan 28 16:09:49 2012] [debug] Dispatching "Mittag::Web::Example->welcome".
[Sat Jan 28 16:09:49 2012] [debug] Rendering template "example/welcome.html.ep".
[Sat Jan 28 16:09:49 2012] [debug] Rendering template "layouts/default.html.ep".
[Sat Jan 28 16:09:49 2012] [debug] 200 OK (0.039875s, 25.078/s).
[Sat Jan 28 16:42:49 2012] [info] Server listening (http://*:3000)
[Sat Jan 28 16:43:16 2012] [debug] Your secret passphrase needs to be changed!!!
[Sat Jan 28 16:43:16 2012] [debug] GET / (Mozilla/5.0 (Windows NT 6.1; WOW64; rv:7.0.1) Gecko/20100101 Firefox/7.0.1).
[Sat Jan 28 16:43:16 2012] [debug] Dispatching "Mittag::Web::Day->date".
[Sat Jan 28 16:43:16 2012] [debug] Mittag::Web::Day does not exist, maybe a typo?
[Sat Jan 28 16:43:16 2012] [debug] Template "day/date.html.ep" not found.
[Sat Jan 28 16:43:16 2012] [debug] Template "not_found.development.html.ep" not found.
[Sat Jan 28 16:43:16 2012] [debug] Template "not_found.html.ep" not found.
[Sat Jan 28 16:43:16 2012] [debug] Rendering inline template.
[Sat Jan 28 16:43:16 2012] [debug] Rendering inline template.
[Sat Jan 28 16:43:16 2012] [debug] 404 Not Found (0.052941s, 18.889/s).
[Sat Jan 28 16:43:30 2012] [debug] GET / (Mozilla/5.0 (Windows NT 6.1; WOW64; rv:7.0.1) Gecko/20100101 Firefox/7.0.1).
[Sat Jan 28 16:43:30 2012] [debug] Dispatching "Mittag::Web::Day->date".
[Sat Jan 28 16:43:30 2012] [debug] Mittag::Web::Day does not exist, maybe a typo?
[Sat Jan 28 16:43:30 2012] [debug] Template "day/date.html.ep" not found.
[Sat Jan 28 16:43:30 2012] [debug] Template "not_found.development.html.ep" not found.
[Sat Jan 28 16:43:30 2012] [debug] Template "not_found.html.ep" not found.
[Sat Jan 28 16:43:30 2012] [debug] 404 Not Found (0.019109s, 52.331/s).
[Sat Jan 28 16:43:39 2012] [debug] GET /day/2011-08-08/1 (Mozilla/5.0 (Windows NT 6.1; WOW64; rv:7.0.1) Gecko/20100101 Firefox/7.0.1).
[Sat Jan 28 16:43:39 2012] [debug] Template "not_found.development.html.ep" not found.
[Sat Jan 28 16:43:39 2012] [debug] Template "not_found.html.ep" not found.
[Sat Jan 28 16:43:39 2012] [debug] Rendering inline template.
[Sat Jan 28 16:43:39 2012] [debug] Rendering inline template.
[Sat Jan 28 16:43:39 2012] [debug] 404 Not Found (0.040901s, 24.449/s).
[Sat Jan 28 16:43:43 2012] [debug] GET /day/2011-08-08 (Mozilla/5.0 (Windows NT 6.1; WOW64; rv:7.0.1) Gecko/20100101 Firefox/7.0.1).
[Sat Jan 28 16:43:43 2012] [debug] Dispatching "Mittag::Web::Day->date".
[Sat Jan 28 16:43:43 2012] [debug] Mittag::Web::Day does not exist, maybe a typo?
[Sat Jan 28 16:43:43 2012] [debug] Template "day/date.html.ep" not found.
[Sat Jan 28 16:43:43 2012] [debug] Template "not_found.development.html.ep" not found.
[Sat Jan 28 16:43:43 2012] [debug] Template "not_found.html.ep" not found.
[Sat Jan 28 16:43:43 2012] [debug] Rendering inline template.
[Sat Jan 28 16:43:43 2012] [debug] Rendering inline template.
[Sat Jan 28 16:43:43 2012] [debug] 404 Not Found (0.052019s, 19.224/s).
[Sat Jan 28 16:49:24 2012] [debug] Your secret passphrase needs to be changed!!!
[Sat Jan 28 16:49:24 2012] [debug] GET /day/2011-08-08 (Mozilla/5.0 (Windows NT 6.1; WOW64; rv:7.0.1) Gecko/20100101 Firefox/7.0.1).
[Sat Jan 28 16:49:24 2012] [debug] Dispatching "Mittag::Web::Day->date".
[Sat Jan 28 16:49:24 2012] [error] Can't locate object method "connect_with_config" via package "Mittag::DB::schema" (perhaps you forgot to load "Mittag::DB::schema"?) at script/../lib/Mittag/Web.pm line 12.

[Sat Jan 28 16:49:24 2012] [debug] Template "exception.development.html.ep" not found.
[Sat Jan 28 16:49:24 2012] [debug] Template "exception.html.ep" not found.
[Sat Jan 28 16:49:24 2012] [debug] Rendering inline template.
[Sat Jan 28 16:49:24 2012] [debug] Rendering inline template.
[Sat Jan 28 16:49:24 2012] [debug] 500 Internal Server Error (0.436970s, 2.288/s).
[Sat Jan 28 16:49:24 2012] [error] Can't locate object method "connect_with_config" via package "Mittag::DB::schema" (perhaps you forgot to load "Mittag::DB::schema"?) at script/../lib/Mittag/Web.pm line 12.

[Sat Jan 28 16:50:16 2012] [info] Server listening (http://*:3000)
[Sat Jan 28 16:50:20 2012] [debug] Your secret passphrase needs to be changed!!!
[Sat Jan 28 16:50:20 2012] [debug] GET /day/2011-08-08 (Mozilla/5.0 (Windows NT 6.1; WOW64; rv:7.0.1) Gecko/20100101 Firefox/7.0.1).
[Sat Jan 28 16:50:20 2012] [debug] Dispatching "Mittag::Web::Day->date".
[Sat Jan 28 16:50:20 2012] [error] DBIx::Class::ResultSet::search(): DBI Connection failed: DBI connect('mittag','mittag',...) failed: Access denied for user 'mittag'@'localhost' (using password: YES) at C:/strawberry/perl/site/lib/DBIx/Class/Storage/DBI.pm line 1176

[Sat Jan 28 16:50:20 2012] [debug] Template "exception.development.html.ep" not found.
[Sat Jan 28 16:50:20 2012] [debug] Template "exception.html.ep" not found.
[Sat Jan 28 16:50:20 2012] [debug] Rendering inline template.
[Sat Jan 28 16:50:20 2012] [debug] Rendering inline template.
[Sat Jan 28 16:50:21 2012] [debug] 500 Internal Server Error (0.334913s, 2.986/s).
[Sat Jan 28 16:50:21 2012] [error] DBIx::Class::ResultSet::search(): DBI Connection failed: DBI connect('mittag','mittag',...) failed: Access denied for user 'mittag'@'localhost' (using password: YES) at C:/strawberry/perl/site/lib/DBIx/Class/Storage/DBI.pm line 1176

[Sat Jan 28 16:50:43 2012] [info] Server listening (http://*:3000)
[Sat Jan 28 16:50:45 2012] [debug] Your secret passphrase needs to be changed!!!
[Sat Jan 28 16:50:45 2012] [debug] GET /day/2011-08-08 (Mozilla/5.0 (Windows NT 6.1; WOW64; rv:7.0.1) Gecko/20100101 Firefox/7.0.1).
[Sat Jan 28 16:50:45 2012] [debug] Dispatching "Mittag::Web::Day->date".
[Sat Jan 28 16:50:45 2012] [error] Can't locate object method "new_response" via package "Mojo::Message::Request" at script/../lib/Mittag/Web/Day.pm line 38.

[Sat Jan 28 16:50:45 2012] [debug] Template "exception.development.html.ep" not found.
[Sat Jan 28 16:50:45 2012] [debug] Template "exception.html.ep" not found.
[Sat Jan 28 16:50:45 2012] [debug] Rendering inline template.
[Sat Jan 28 16:50:45 2012] [debug] Rendering inline template.
[Sat Jan 28 16:50:45 2012] [debug] 500 Internal Server Error (0.302327s, 3.308/s).
[Sat Jan 28 16:50:45 2012] [error] Can't locate object method "new_response" via package "Mojo::Message::Request" at script/../lib/Mittag/Web/Day.pm line 38.

[Sat Jan 28 16:51:02 2012] [debug] GET /day/2012-01-30 (Mozilla/5.0 (Windows NT 6.1; WOW64; rv:7.0.1) Gecko/20100101 Firefox/7.0.1).
[Sat Jan 28 16:51:02 2012] [debug] Dispatching "Mittag::Web::Day->date".
[Sat Jan 28 16:51:02 2012] [debug] Template "day.html.ep" not found.
[Sat Jan 28 16:51:02 2012] [debug] Template "day/date.html.ep" not found.
[Sat Jan 28 16:51:02 2012] [debug] Nothing has been rendered, assuming delayed response.
[Sat Jan 28 16:51:17 2012] [error] Inactivity timeout.
[Sat Jan 28 16:59:28 2012] [info] Server listening (http://*:3000)
[Sat Jan 28 16:59:36 2012] [debug] Your secret passphrase needs to be changed!!!
[Sat Jan 28 16:59:36 2012] [debug] GET /day/2012-01-30 (Mozilla/5.0 (Windows NT 6.1; WOW64; rv:7.0.1) Gecko/20100101 Firefox/7.0.1).
[Sat Jan 28 16:59:36 2012] [debug] Dispatching "Mittag::Web::Day->date".
[Sat Jan 28 16:59:37 2012] [error] No handler for "tt" available.
[Sat Jan 28 16:59:37 2012] [debug] Nothing has been rendered, assuming delayed response.
[Sat Jan 28 17:01:04 2012] [info] Server listening (http://*:3000)
[Sat Jan 28 17:01:11 2012] [debug] Your secret passphrase needs to be changed!!!
[Sat Jan 28 17:01:11 2012] [debug] GET /day/2012-01-30 (Mozilla/5.0 (Windows NT 6.1; WOW64; rv:7.0.1) Gecko/20100101 Firefox/7.0.1).
[Sat Jan 28 17:01:11 2012] [debug] Dispatching "Mittag::Web::Day->date".
[Sat Jan 28 17:01:12 2012] [debug] 200 OK (0.386295s, 2.589/s).
[Sat Jan 28 17:01:29 2012] [debug] GET /day/2012-01-31 (Mozilla/5.0 (Windows NT 6.1; WOW64; rv:7.0.1) Gecko/20100101 Firefox/7.0.1).
[Sat Jan 28 17:01:29 2012] [debug] Dispatching "Mittag::Web::Day->date".
[Sat Jan 28 17:01:29 2012] [debug] 200 OK (0.027448s, 36.433/s).
[Sat Jan 28 17:03:06 2012] [debug] GET /day/2012-01-30/1 (Mozilla/5.0 (Windows NT 6.1; WOW64; rv:7.0.1) Gecko/20100101 Firefox/7.0.1).
[Sat Jan 28 17:03:06 2012] [debug] Template "not_found.development.html.ep" not found.
[Sat Jan 28 17:03:06 2012] [debug] Template "not_found.html.ep" not found.
[Sat Jan 28 17:03:06 2012] [debug] Rendering inline template.
[Sat Jan 28 17:03:06 2012] [debug] Rendering inline template.
[Sat Jan 28 17:03:06 2012] [debug] 404 Not Found (0.046177s, 21.656/s).
[Sat Jan 28 17:03:12 2012] [debug] GET /day/2012-01-30 (Mozilla/5.0 (Windows NT 6.1; WOW64; rv:7.0.1) Gecko/20100101 Firefox/7.0.1).
[Sat Jan 28 17:03:12 2012] [debug] Dispatching "Mittag::Web::Day->date".
[Sat Jan 28 17:03:12 2012] [debug] 200 OK (0.020170s, 49.579/s).
[Sat Jan 28 17:04:40 2012] [debug] GET /day/2012-01-31/1 (Mozilla/5.0 (Windows NT 6.1; WOW64; rv:7.0.1) Gecko/20100101 Firefox/7.0.1).
[Sat Jan 28 17:04:40 2012] [debug] Template "not_found.development.html.ep" not found.
[Sat Jan 28 17:04:40 2012] [debug] Template "not_found.html.ep" not found.
[Sat Jan 28 17:04:40 2012] [debug] 404 Not Found (0.018696s, 53.487/s).
[Sat Jan 28 17:04:44 2012] [debug] GET /day/2012-01-31 (Mozilla/5.0 (Windows NT 6.1; WOW64; rv:7.0.1) Gecko/20100101 Firefox/7.0.1).
[Sat Jan 28 17:04:44 2012] [debug] Dispatching "Mittag::Web::Day->date".
[Sat Jan 28 17:04:44 2012] [debug] 200 OK (0.021017s, 47.581/s).
[Sat Jan 28 17:13:05 2012] [info] Server listening (http://*:3000)
[Sat Jan 28 17:13:08 2012] [debug] Your secret passphrase needs to be changed!!!
[Sat Jan 28 17:13:08 2012] [debug] GET /day/2012-01-30 (Mozilla/5.0 (Windows NT 6.1; WOW64; rv:7.0.1) Gecko/20100101 Firefox/7.0.1).
[Sat Jan 28 17:13:08 2012] [debug] Dispatching "Mittag::Web::Day->date".
[Sat Jan 28 17:13:08 2012] [debug] 200 OK (0.390573s, 2.560/s).
[Sat Jan 28 17:13:14 2012] [debug] GET /day/2012-01-31 (Mozilla/5.0 (Windows NT 6.1; WOW64; rv:7.0.1) Gecko/20100101 Firefox/7.0.1).
[Sat Jan 28 17:13:14 2012] [debug] Dispatching "Mittag::Web::Day->date".
[Sat Jan 28 17:13:14 2012] [debug] 200 OK (0.022514s, 44.417/s).
[Sat Jan 28 17:13:19 2012] [debug] GET /day/2012-02-01 (Mozilla/5.0 (Windows NT 6.1; WOW64; rv:7.0.1) Gecko/20100101 Firefox/7.0.1).
[Sat Jan 28 17:13:19 2012] [debug] Dispatching "Mittag::Web::Day->date".
[Sat Jan 28 17:13:19 2012] [debug] 200 OK (0.018890s, 52.938/s).
[Sat Jan 28 17:13:21 2012] [debug] GET /day/2012-02-02 (Mozilla/5.0 (Windows NT 6.1; WOW64; rv:7.0.1) Gecko/20100101 Firefox/7.0.1).
[Sat Jan 28 17:13:21 2012] [debug] Dispatching "Mittag::Web::Day->date".
[Sat Jan 28 17:13:21 2012] [debug] 200 OK (0.020303s, 49.254/s).
[Sat Jan 28 17:13:23 2012] [debug] GET /day/2012-02-03 (Mozilla/5.0 (Windows NT 6.1; WOW64; rv:7.0.1) Gecko/20100101 Firefox/7.0.1).
[Sat Jan 28 17:13:23 2012] [debug] Dispatching "Mittag::Web::Day->date".
[Sat Jan 28 17:13:23 2012] [debug] 200 OK (0.021372s, 46.790/s).
[Sat Jan 28 17:13:24 2012] [debug] GET /day/2012-02-06 (Mozilla/5.0 (Windows NT 6.1; WOW64; rv:7.0.1) Gecko/20100101 Firefox/7.0.1).
[Sat Jan 28 17:13:24 2012] [debug] Dispatching "Mittag::Web::Day->date".
[Sat Jan 28 17:13:24 2012] [debug] 200 OK (0.023001s, 43.476/s).
[Sat Jan 28 17:13:26 2012] [debug] GET /day/2012-02-07 (Mozilla/5.0 (Windows NT 6.1; WOW64; rv:7.0.1) Gecko/20100101 Firefox/7.0.1).
[Sat Jan 28 17:13:26 2012] [debug] Dispatching "Mittag::Web::Day->date".
[Sat Jan 28 17:13:26 2012] [debug] 200 OK (0.023678s, 42.233/s).
[Sat Jan 28 17:13:27 2012] [debug] GET /day/2012-02-08 (Mozilla/5.0 (Windows NT 6.1; WOW64; rv:7.0.1) Gecko/20100101 Firefox/7.0.1).
[Sat Jan 28 17:13:27 2012] [debug] Dispatching "Mittag::Web::Day->date".
[Sat Jan 28 17:13:27 2012] [debug] 200 OK (0.024713s, 40.465/s).
[Sat Jan 28 17:13:28 2012] [debug] GET /day/2012-02-09 (Mozilla/5.0 (Windows NT 6.1; WOW64; rv:7.0.1) Gecko/20100101 Firefox/7.0.1).
[Sat Jan 28 17:13:28 2012] [debug] Dispatching "Mittag::Web::Day->date".
[Sat Jan 28 17:13:28 2012] [debug] 200 OK (0.018828s, 53.112/s).
[Sat Jan 28 17:13:29 2012] [debug] GET /day/2012-02-10 (Mozilla/5.0 (Windows NT 6.1; WOW64; rv:7.0.1) Gecko/20100101 Firefox/7.0.1).
[Sat Jan 28 17:13:29 2012] [debug] Dispatching "Mittag::Web::Day->date".
[Sat Jan 28 17:13:29 2012] [debug] 200 OK (0.017971s, 55.645/s).
[Sat Jan 28 17:13:35 2012] [debug] GET /day/2012-02-09 (Mozilla/5.0 (Windows NT 6.1; WOW64; rv:7.0.1) Gecko/20100101 Firefox/7.0.1).
[Sat Jan 28 17:13:35 2012] [debug] Dispatching "Mittag::Web::Day->date".
[Sat Jan 28 17:13:35 2012] [debug] 200 OK (0.019197s, 52.091/s).
[Sat Jan 28 17:13:40 2012] [debug] GET /day/2012-02-08 (Mozilla/5.0 (Windows NT 6.1; WOW64; rv:7.0.1) Gecko/20100101 Firefox/7.0.1).
[Sat Jan 28 17:13:40 2012] [debug] Dispatching "Mittag::Web::Day->date".
[Sat Jan 28 17:13:40 2012] [debug] 200 OK (0.018510s, 54.025/s).
[Sat Jan 28 17:13:44 2012] [debug] GET /day/2012-02-07 (Mozilla/5.0 (Windows NT 6.1; WOW64; rv:7.0.1) Gecko/20100101 Firefox/7.0.1).
[Sat Jan 28 17:13:44 2012] [debug] Dispatching "Mittag::Web::Day->date".
[Sat Jan 28 17:13:44 2012] [debug] 200 OK (0.019455s, 51.401/s).
[Sat Jan 28 17:13:46 2012] [debug] GET /day/2012-02-06 (Mozilla/5.0 (Windows NT 6.1; WOW64; rv:7.0.1) Gecko/20100101 Firefox/7.0.1).
[Sat Jan 28 17:13:46 2012] [debug] Dispatching "Mittag::Web::Day->date".
[Sat Jan 28 17:13:46 2012] [debug] 200 OK (0.018352s, 54.490/s).
[Sat Jan 28 17:13:47 2012] [debug] GET /day/2012-02-03 (Mozilla/5.0 (Windows NT 6.1; WOW64; rv:7.0.1) Gecko/20100101 Firefox/7.0.1).
[Sat Jan 28 17:13:47 2012] [debug] Dispatching "Mittag::Web::Day->date".
[Sat Jan 28 17:13:47 2012] [debug] 200 OK (0.018478s, 54.118/s).
[Sat Jan 28 17:13:49 2012] [debug] GET /day/2012-02-02 (Mozilla/5.0 (Windows NT 6.1; WOW64; rv:7.0.1) Gecko/20100101 Firefox/7.0.1).
[Sat Jan 28 17:13:49 2012] [debug] Dispatching "Mittag::Web::Day->date".
[Sat Jan 28 17:13:49 2012] [debug] 200 OK (0.021918s, 45.625/s).
[Sat Jan 28 17:13:59 2012] [debug] GET /day/2012-02-03 (Mozilla/5.0 (Windows NT 6.1; WOW64; rv:7.0.1) Gecko/20100101 Firefox/7.0.1).
[Sat Jan 28 17:13:59 2012] [debug] Dispatching "Mittag::Web::Day->date".
[Sat Jan 28 17:13:59 2012] [debug] 200 OK (0.030718s, 32.554/s).
[Sat Jan 28 17:14:00 2012] [debug] GET /day/2012-02-06 (Mozilla/5.0 (Windows NT 6.1; WOW64; rv:7.0.1) Gecko/20100101 Firefox/7.0.1).
[Sat Jan 28 17:14:00 2012] [debug] Dispatching "Mittag::Web::Day->date".
[Sat Jan 28 17:14:00 2012] [debug] 200 OK (0.018590s, 53.792/s).
[Sat Jan 28 17:14:01 2012] [debug] GET /day/2012-02-07 (Mozilla/5.0 (Windows NT 6.1; WOW64; rv:7.0.1) Gecko/20100101 Firefox/7.0.1).
[Sat Jan 28 17:14:01 2012] [debug] Dispatching "Mittag::Web::Day->date".
[Sat Jan 28 17:14:01 2012] [debug] 200 OK (0.019358s, 51.658/s).
[Sat Jan 28 17:14:02 2012] [debug] GET /day/2012-02-08 (Mozilla/5.0 (Windows NT 6.1; WOW64; rv:7.0.1) Gecko/20100101 Firefox/7.0.1).
[Sat Jan 28 17:14:02 2012] [debug] Dispatching "Mittag::Web::Day->date".
[Sat Jan 28 17:14:02 2012] [debug] 200 OK (0.020056s, 49.860/s).
[Sat Jan 28 17:14:03 2012] [debug] GET /day/2012-02-09 (Mozilla/5.0 (Windows NT 6.1; WOW64; rv:7.0.1) Gecko/20100101 Firefox/7.0.1).
[Sat Jan 28 17:14:03 2012] [debug] Dispatching "Mittag::Web::Day->date".
[Sat Jan 28 17:14:03 2012] [debug] 200 OK (0.021169s, 47.239/s).
[Sat Jan 28 17:14:04 2012] [debug] GET /day/2012-02-10 (Mozilla/5.0 (Windows NT 6.1; WOW64; rv:7.0.1) Gecko/20100101 Firefox/7.0.1).
[Sat Jan 28 17:14:04 2012] [debug] Dispatching "Mittag::Web::Day->date".
[Sat Jan 28 17:14:04 2012] [debug] 200 OK (0.022070s, 45.310/s).
[Sat Jan 28 17:14:24 2012] [debug] GET / (Mozilla/5.0 (Windows NT 6.1; WOW64; rv:7.0.1) Gecko/20100101 Firefox/7.0.1).
[Sat Jan 28 17:14:24 2012] [debug] Dispatching "Mittag::Web::Day->date".
[Sat Jan 28 17:14:24 2012] [debug] 200 OK (0.033450s, 29.895/s).
[Sat Jan 28 17:14:28 2012] [debug] GET /day/2012-01-31 (Mozilla/5.0 (Windows NT 6.1; WOW64; rv:7.0.1) Gecko/20100101 Firefox/7.0.1).
[Sat Jan 28 17:14:28 2012] [debug] Dispatching "Mittag::Web::Day->date".
[Sat Jan 28 17:14:28 2012] [debug] 200 OK (0.022965s, 43.545/s).
[Sat Jan 28 17:14:31 2012] [debug] GET /day/2012-02-01 (Mozilla/5.0 (Windows NT 6.1; WOW64; rv:7.0.1) Gecko/20100101 Firefox/7.0.1).
[Sat Jan 28 17:14:31 2012] [debug] Dispatching "Mittag::Web::Day->date".
[Sat Jan 28 17:14:31 2012] [debug] 200 OK (0.018303s, 54.636/s).
